<?xml version="1.0" encoding="UTF-8"?>
<!-- Generated by org.testng.reporters.JUnitReportReporter -->
<testsuite skipped="0" hostname="DESKTOP-6UTCEC9" name="com.qa.Testscripts.Trivago_TC" tests="6" failures="0" timestamp="2021-05-05T13:32:01 IST" time="36.511" errors="0">
  <testcase name="SearchItem" time="5.840" classname="com.qa.Testscripts.Trivago_TC"/>
  <system-out/>
  <testcase name="SearchItem" time="7.680" classname="com.qa.Testscripts.Trivago_TC"/>
  <system-out/>
  <testcase name="SearchItem" time="5.696" classname="com.qa.Testscripts.Trivago_TC"/>
  <system-out/>
  <testcase name="SearchItem" time="5.823" classname="com.qa.Testscripts.Trivago_TC"/>
  <system-out/>
  <testcase name="SearchItem" time="5.968" classname="com.qa.Testscripts.Trivago_TC"/>
  <system-out/>
  <testcase name="SearchItem" time="5.504" classname="com.qa.Testscripts.Trivago_TC"/>
  <system-out/>
</testsuite> <!-- com.qa.Testscripts.Trivago_TC -->
